2022.04.15 14:21:48 INFO  tracing is disabled for protocol LSP, to enable tracing of incoming and outgoing JSON messages create an empty file at d:\CODE\Leetcode\.metals\lsp.trace.json or C:\Users\carmi\AppData\Local\scalameta\metals\cache\lsp.trace.json
2022.04.15 14:21:50 INFO  logging to file D:\CODE\Leetcode\.metals\metals.log
2022.04.15 14:21:50 INFO  Started: Metals version 0.11.2 in workspace 'D:\CODE\Leetcode' for client Visual Studio Code 1.66.2.
2022.04.15 14:21:50 INFO  Parse release: 16.0.1
2022.04.15 14:21:52 INFO  time: initialize in 2.14s
2022.04.15 14:21:52 WARN  Build server is not auto-connectable.
2022.04.15 14:21:52 WARN  no build tool detected in workspace 'D:\CODE\Leetcode'. The most common cause for this problem is that the editor was opened in the wrong working directory, for example if you use sbt then the workspace directory should contain build.sbt. 
2022.04.15 14:21:54 WARN  no build target for: D:\CODE\testCode\TryScala.scala
2022.04.15 14:21:59 INFO  no build target found for D:\CODE\testCode\TryScala.scala. Using presentation compiler with project's scala-library version: 3.1.1
Apr 15, 2022 2:22:08 PM org.eclipse.lsp4j.jsonrpc.RemoteEndpoint handleCancellation
WARNING: Unmatched cancel notification for request id 15
2022.04.15 14:22:08 WARN  no build target for: D:\CODE\testCode\TryScala.scala
2022.04.15 14:22:08 WARN  no build target for: D:\CODE\testCode\TryScala.scala
2022.04.15 14:22:18 WARN  no build target for: D:\CODE\testCode\TryScala.scala
2022.04.15 14:22:18 WARN  no build target for: D:\CODE\testCode\TryScala.scala
2022.04.15 14:22:19 WARN  no build target for: D:\CODE\testCode\TryScala.scala
2022.04.15 14:22:19 WARN  no build target for: D:\CODE\testCode\TryScala.scala
2022.04.15 14:22:23 WARN  no build target for: D:\CODE\testCode\TryScala.scala
2022.04.15 14:22:23 WARN  no build target for: D:\CODE\testCode\TryScala.scala
2022.04.15 14:22:25 WARN  no build target for: D:\CODE\testCode\TryScala.scala
2022.04.15 14:22:25 WARN  no build target for: D:\CODE\testCode\TryScala.scala
2022.04.15 14:22:27 WARN  no build target for: D:\CODE\testCode\TryScala.scala
2022.04.15 14:22:27 WARN  no build target for: D:\CODE\testCode\TryScala.scala
2022.04.15 14:22:29 WARN  no build target for: D:\CODE\testCode\TryScala.scala
2022.04.15 14:23:42 INFO  shutting down Metals
2022.04.15 16:13:02 INFO  tracing is disabled for protocol LSP, to enable tracing of incoming and outgoing JSON messages create an empty file at d:\CODE\Leetcode\.metals\lsp.trace.json or C:\Users\carmi\AppData\Local\scalameta\metals\cache\lsp.trace.json
2022.04.15 16:13:03 INFO  logging to file D:\CODE\Leetcode\.metals\metals.log
2022.04.15 16:13:03 INFO  Started: Metals version 0.11.2 in workspace 'D:\CODE\Leetcode' for client Visual Studio Code 1.66.2.
2022.04.15 16:13:03 INFO  Parse release: 16.0.1
2022.04.15 16:13:05 INFO  time: initialize in 1.71s
2022.04.15 16:13:05 WARN  Build server is not auto-connectable.
2022.04.15 16:13:05 WARN  no build tool detected in workspace 'D:\CODE\Leetcode'. The most common cause for this problem is that the editor was opened in the wrong working directory, for example if you use sbt then the workspace directory should contain build.sbt. 
2022.04.15 16:13:06 WARN  no build target for: D:\CODE\testCode\TryScala.scala
2022.04.15 16:13:10 INFO  no build target found for D:\CODE\testCode\TryScala.scala. Using presentation compiler with project's scala-library version: 3.1.1
2022.04.15 16:13:12 INFO  time: code lens generation in 5.21s
2022.04.15 16:13:18 WARN  no build target for: D:\CODE\testCode\TryScala.scala
2022.04.15 16:13:18 WARN  no build target for: D:\CODE\testCode\TryScala.scala
2022.04.15 16:13:21 WARN  no build target for: D:\CODE\testCode\TryScala.scala
2022.04.15 16:13:22 WARN  no build target for: D:\CODE\testCode\TryScala.scala
2022.04.15 16:13:23 WARN  no build target for: D:\CODE\testCode\TryScala.scala
2022.04.15 16:13:31 WARN  no build target for: D:\CODE\testCode\TryScala.scala
2022.04.15 16:13:31 WARN  no build target for: D:\CODE\testCode\TryScala.scala
2022.04.15 16:13:33 WARN  no build target for: D:\CODE\testCode\TryScala.scala
2022.04.15 16:13:33 WARN  no build target for: D:\CODE\testCode\TryScala.scala
2022.04.15 16:13:34 WARN  no build target for: D:\CODE\testCode\TryScala.scala
2022.04.15 16:13:34 WARN  no build target for: D:\CODE\testCode\TryScala.scala
2022.04.15 16:13:35 WARN  no build target for: D:\CODE\testCode\TryScala.scala
2022.04.15 16:13:35 WARN  no build target for: D:\CODE\testCode\TryScala.scala
2022.04.15 16:13:37 WARN  no build target for: D:\CODE\testCode\TryScala.scala
2022.04.15 16:13:37 WARN  no build target for: D:\CODE\testCode\TryScala.scala
2022.04.15 16:13:38 WARN  no build target for: D:\CODE\testCode\TryScala.scala
2022.04.15 16:13:38 WARN  no build target for: D:\CODE\testCode\TryScala.scala
2022.04.15 16:13:39 WARN  no build target for: D:\CODE\testCode\TryScala.scala
2022.04.15 16:13:39 WARN  no build target for: D:\CODE\testCode\TryScala.scala
2022.04.15 16:13:40 WARN  no build target for: D:\CODE\testCode\TryScala.scala
2022.04.15 16:13:40 WARN  no build target for: D:\CODE\testCode\TryScala.scala
2022.04.15 16:13:42 WARN  no build target for: D:\CODE\testCode\TryScala.scala
2022.04.15 16:13:42 WARN  no build target for: D:\CODE\testCode\TryScala.scala
2022.04.15 16:13:43 WARN  no build target for: D:\CODE\testCode\TryScala.scala
2022.04.15 16:13:43 WARN  no build target for: D:\CODE\testCode\TryScala.scala
2022.04.15 16:13:44 WARN  no build target for: D:\CODE\testCode\TryScala.scala
2022.04.15 16:13:45 WARN  no build target for: D:\CODE\testCode\TryScala.scala
2022.04.15 16:13:45 WARN  no build target for: D:\CODE\testCode\TryScala.scala
2022.04.15 16:13:46 WARN  no build target for: D:\CODE\testCode\TryScala.scala
2022.04.15 16:13:46 WARN  no build target for: D:\CODE\testCode\TryScala.scala
2022.04.15 16:13:49 WARN  no build target for: D:\CODE\testCode\TryScala.scala
2022.04.15 16:13:51 WARN  no build target for: D:\CODE\testCode\TryScala.scala
2022.04.15 16:13:52 WARN  no build target for: D:\CODE\testCode\TryScala.scala
2022.04.15 16:13:52 WARN  no build target for: D:\CODE\testCode\TryScala.scala
2022.04.15 16:13:53 WARN  no build target for: D:\CODE\testCode\TryScala.scala
2022.04.15 16:13:54 WARN  no build target for: D:\CODE\testCode\TryScala.scala
2022.04.15 16:13:54 WARN  no build target for: D:\CODE\testCode\TryScala.scala
2022.04.15 16:13:56 WARN  no build target for: D:\CODE\testCode\TryScala.scala
2022.04.15 16:13:58 WARN  no build target for: D:\CODE\testCode\TryScala.scala
2022.04.15 16:13:58 WARN  no build target for: D:\CODE\testCode\TryScala.scala
2022.04.15 16:13:58 WARN  no build target for: D:\CODE\testCode\TryScala.scala
2022.04.15 16:13:59 WARN  no build target for: D:\CODE\testCode\TryScala.scala
2022.04.15 16:13:59 WARN  no build target for: D:\CODE\testCode\TryScala.scala
2022.04.15 16:14:01 WARN  no build target for: D:\CODE\testCode\TryScala.scala
2022.04.15 16:14:03 WARN  no build target for: D:\CODE\testCode\TryScala.scala
2022.04.15 16:14:04 WARN  no build target for: D:\CODE\testCode\TryScala.scala
2022.04.15 16:14:05 WARN  no build target for: D:\CODE\testCode\TryScala.scala
2022.04.15 16:14:05 WARN  no build target for: D:\CODE\testCode\TryScala.scala
2022.04.15 16:14:08 WARN  no build target for: D:\CODE\testCode\TryScala.scala
2022.04.15 16:14:08 WARN  no build target for: D:\CODE\testCode\TryScala.scala
2022.04.15 16:14:11 WARN  no build target for: D:\CODE\testCode\TryScala.scala
2022.04.15 16:14:12 WARN  no build target for: D:\CODE\testCode\TryScala.scala
2022.04.15 16:14:14 WARN  no build target for: D:\CODE\testCode\TryScala.scala
2022.04.15 16:14:15 WARN  no build target for: D:\CODE\testCode\TryScala.scala
2022.04.15 16:15:58 WARN  no build target for: D:\CODE\testCode\TryScala.scala
2022.04.15 16:16:00 WARN  no build target for: D:\CODE\testCode\TryScala.scala
2022.04.15 16:16:00 WARN  no build target for: D:\CODE\testCode\TryScala.scala
2022.04.15 16:16:04 WARN  no build target for: D:\CODE\testCode\TryScala.scala
2022.04.15 16:16:04 WARN  no build target for: D:\CODE\testCode\TryScala.scala
2022.04.15 16:16:07 WARN  no build target for: D:\CODE\testCode\TryScala.scala
2022.04.15 16:16:07 WARN  no build target for: D:\CODE\testCode\TryScala.scala
2022.04.15 16:16:09 WARN  no build target for: D:\CODE\testCode\TryScala.scala
2022.04.15 16:16:10 WARN  no build target for: D:\CODE\testCode\TryScala.scala
2022.04.15 16:16:12 WARN  no build target for: D:\CODE\testCode\TryScala.scala
2022.04.15 16:16:14 WARN  no build target for: D:\CODE\testCode\TryScala.scala
2022.04.15 16:16:14 WARN  no build target for: D:\CODE\testCode\TryScala.scala
2022.04.15 16:16:15 WARN  no build target for: D:\CODE\testCode\TryScala.scala
2022.04.15 16:16:15 WARN  no build target for: D:\CODE\testCode\TryScala.scala
2022.04.15 16:16:17 WARN  no build target for: D:\CODE\testCode\TryScala.scala
2022.04.15 16:16:17 WARN  no build target for: D:\CODE\testCode\TryScala.scala
2022.04.15 16:16:19 WARN  no build target for: D:\CODE\testCode\TryScala.scala
2022.04.15 16:16:30 WARN  no build target for: D:\CODE\testCode\TryScala.scala
2022.04.15 16:16:32 WARN  no build target for: D:\CODE\testCode\TryScala.scala
2022.04.15 16:16:32 WARN  no build target for: D:\CODE\testCode\TryScala.scala
2022.04.15 16:16:33 WARN  no build target for: D:\CODE\testCode\TryScala.scala
2022.04.15 16:16:33 WARN  no build target for: D:\CODE\testCode\TryScala.scala
2022.04.15 16:16:36 WARN  no build target for: D:\CODE\testCode\TryScala.scala
2022.04.15 16:16:37 WARN  no build target for: D:\CODE\testCode\TryScala.scala
2022.04.15 16:16:37 WARN  no build target for: D:\CODE\testCode\TryScala.scala
2022.04.15 16:16:39 WARN  no build target for: D:\CODE\testCode\TryScala.scala
2022.04.15 16:16:39 WARN  no build target for: D:\CODE\testCode\TryScala.scala
2022.04.15 23:37:03 INFO  shutting down Metals
2022.04.16 17:57:51 INFO  tracing is disabled for protocol LSP, to enable tracing of incoming and outgoing JSON messages create an empty file at d:\CODE\Leetcode\.metals\lsp.trace.json or C:\Users\carmi\AppData\Local\scalameta\metals\cache\lsp.trace.json
2022.04.16 17:57:51 INFO  logging to file D:\CODE\Leetcode\.metals\metals.log
2022.04.16 17:57:51 INFO  Started: Metals version 0.11.2 in workspace 'D:\CODE\Leetcode' for client Visual Studio Code 1.66.2.
2022.04.16 17:57:51 INFO  Parse release: 16.0.1
2022.04.16 17:57:53 INFO  time: initialize in 1.57s
2022.04.16 17:57:53 WARN  Build server is not auto-connectable.
2022.04.16 17:57:53 WARN  no build tool detected in workspace 'D:\CODE\Leetcode'. The most common cause for this problem is that the editor was opened in the wrong working directory, for example if you use sbt then the workspace directory should contain build.sbt. 
2022.04.16 17:57:55 WARN  no build target for: D:\CODE\testCode\TryScala.scala
2022.04.16 17:57:59 INFO  no build target found for D:\CODE\testCode\TryScala.scala. Using presentation compiler with project's scala-library version: 3.1.1
2022.04.16 17:58:00 INFO  time: code lens generation in 5.82s
2022.04.16 20:38:03 INFO  shutting down Metals
2022.04.22 16:24:05 INFO  tracing is disabled for protocol LSP, to enable tracing of incoming and outgoing JSON messages create an empty file at d:\CODE\Leetcode\.metals\lsp.trace.json or C:\Users\carmi\AppData\Local\scalameta\metals\cache\lsp.trace.json
2022.04.22 16:24:06 INFO  logging to file D:\CODE\Leetcode\.metals\metals.log
2022.04.22 16:24:06 INFO  Started: Metals version 0.11.2 in workspace 'D:\CODE\Leetcode' for client Visual Studio Code 1.66.2.
2022.04.22 16:24:06 INFO  Parse release: 16.0.1
2022.04.22 16:24:08 INFO  time: initialize in 1.93s
2022.04.22 16:24:08 WARN  Build server is not auto-connectable.
2022.04.22 16:24:08 WARN  no build tool detected in workspace 'D:\CODE\Leetcode'. The most common cause for this problem is that the editor was opened in the wrong working directory, for example if you use sbt then the workspace directory should contain build.sbt. 
2022.04.22 16:24:09 WARN  no build target for: D:\CODE\testCode\TryScala.scala
2022.04.22 16:24:13 INFO  no build target found for D:\CODE\testCode\TryScala.scala. Using presentation compiler with project's scala-library version: 3.1.1
2022.04.22 16:24:41 INFO  shutting down Metals
